  base64.cpp
C:\Users\ogn23\source\repos\hashtable\hashtable\base64.cpp(103,10): warning C4101: 'ch': unreferenced local variable
  passserver.cpp
C:\Users\ogn23\source\repos\hashtable\hashtable\passserver.cpp(112,49): warning C4267: 'argument': conversion from 'size_t' to 'int', possible loss of data
C:\Users\ogn23\source\repos\hashtable\hashtable\passserver.cpp(129,48): warning C4267: 'argument': conversion from 'size_t' to 'int', possible loss of data
C:\Users\ogn23\source\repos\hashtable\hashtable\hashtable.hpp(15,1): warning C4267: 'argument': conversion from 'size_t' to 'unsigned long', possible loss of data
C:\Users\ogn23\source\repos\hashtable\hashtable\hashtable.hpp(14,1): message : while compiling class template member function 'cop4530::HashTable<std::string,std::string>::HashTable(size_t)'
C:\Users\ogn23\source\repos\hashtable\hashtable\passserver.cpp(11,70): message : see reference to function template instantiation 'cop4530::HashTable<std::string,std::string>::HashTable(size_t)' being compiled
C:\Users\ogn23\source\repos\hashtable\hashtable\passserver.h(17,58): message : see reference to class template instantiation 'cop4530::HashTable<std::string,std::string>' being compiled
C:\Users\ogn23\source\repos\hashtable\hashtable\hashtable.hpp(235,1): warning C4267: 'argument': conversion from 'size_t' to 'unsigned long', possible loss of data
C:\Users\ogn23\source\repos\hashtable\hashtable\hashtable.hpp(233,1): message : while compiling class template member function 'void cop4530::HashTable<std::string,std::string>::rehash(void)'
C:\Users\ogn23\source\repos\hashtable\hashtable\hashtable.hpp(90,15): message : see reference to function template instantiation 'void cop4530::HashTable<std::string,std::string>::rehash(void)' being compiled
C:\Users\ogn23\source\repos\hashtable\hashtable\hashtable.hpp(14,1): message : while compiling class template member function 'cop4530::HashTable<std::string,std::string>::HashTable(size_t)'
C:\Users\ogn23\source\repos\hashtable\hashtable\passserver.cpp(11,70): message : see reference to function template instantiation 'cop4530::HashTable<std::string,std::string>::HashTable(size_t)' being compiled
C:\Users\ogn23\source\repos\hashtable\hashtable\hashtable.hpp(297,1): warning C4267: 'initializing': conversion from 'size_t' to 'int', possible loss of data
C:\Users\ogn23\source\repos\hashtable\hashtable\hashtable.hpp(292,1): message : while compiling class template member function 'void cop4530::HashTable<std::string,std::string>::setPrimes(std::vector<unsigned long,std::allocator<unsigned long>> &)'
C:\Users\ogn23\source\repos\hashtable\hashtable\hashtable.hpp(280,14): message : see reference to function template instantiation 'void cop4530::HashTable<std::string,std::string>::setPrimes(std::vector<unsigned long,std::allocator<unsigned long>> &)' being compiled
C:\Users\ogn23\source\repos\hashtable\hashtable\hashtable.hpp(153,1): message : while compiling class template member function 'void cop4530::HashTable<std::string,std::string>::clear(void)'
C:\Users\ogn23\source\repos\hashtable\hashtable\hashtable.hpp(23,10): message : see reference to function template instantiation 'void cop4530::HashTable<std::string,std::string>::clear(void)' being compiled
  proj6.cpp
  Generating Code...
  hashtable.vcxproj -> C:\Users\ogn23\source\repos\hashtable\x64\Debug\hashtable.exe
