  proj7.cpp
C:\Users\ogn23\source\repos\wordcount\wordcount\proj7.cpp(40,58): warning C4267: '=': conversion from 'size_t' to '_Ty2', possible loss of data
          with
          [
              _Ty2=int
          ]
C:\Users\ogn23\source\repos\wordcount\wordcount\proj7.cpp(54,58): warning C4267: '=': conversion from 'size_t' to '_Ty2', possible loss of data
          with
          [
              _Ty2=int
          ]
C:\Users\ogn23\source\repos\wordcount\wordcount\proj7.cpp(66,58): warning C4267: '=': conversion from 'size_t' to '_Ty2', possible loss of data
          with
          [
              _Ty2=int
          ]
C:\Users\ogn23\source\repos\wordcount\wordcount\proj7.cpp(75,58): warning C4267: '=': conversion from 'size_t' to '_Ty2', possible loss of data
          with
          [
              _Ty2=int
          ]
C:\Users\ogn23\source\repos\wordcount\wordcount\proj7.cpp(89,50): warning C4267: '=': conversion from 'size_t' to '_Ty2', possible loss of data
          with
          [
              _Ty2=int
          ]
C:\Users\ogn23\source\repos\wordcount\wordcount\proj7.cpp(97,50): warning C4267: '=': conversion from 'size_t' to '_Ty2', possible loss of data
          with
          [
              _Ty2=int
          ]
C:\Users\ogn23\source\repos\wordcount\wordcount\proj7.cpp(114,39): warning C4267: '=': conversion from 'size_t' to 'int', possible loss of data
C:\Users\ogn23\source\repos\wordcount\wordcount\proj7.cpp(159,40): warning C4267: '=': conversion from 'size_t' to 'int', possible loss of data
C:\Users\ogn23\source\repos\wordcount\wordcount\proj7.cpp(201,44): warning C4267: '=': conversion from 'size_t' to 'int', possible loss of data
  wordcount.vcxproj -> C:\Users\ogn23\source\repos\wordcount\x64\Debug\wordcount.exe
